<?xml version="1.0" encoding="UTF-8"?>
<!-- Generated by org.testng.reporters.JUnitReportReporter -->
<testsuite hostname="E0881240" failures="0" tests="1" name="tests.RegreSoho.DesvioLlamadasME" time="105.628" errors="0" timestamp="2022-02-16T13:28:26 EET" skipped="0">
  <testcase classname="tests.RegreSoho.DesvioLlamadasME" name="DesvioLlamadasME" time="105.628"/>
  <system-out/>
</testsuite> <!-- tests.RegreSoho.DesvioLlamadasME -->
