<?xml version="1.0" encoding="UTF-8"?>
<!-- Generated by org.testng.reporters.JUnitReportReporter -->
<testsuite hostname="E0881240" failures="0" tests="1" name="tests.RegreSoho.CambioDomicilio" time="93.341" errors="0" timestamp="2022-02-16T11:38:19 EET" skipped="0">
  <testcase classname="tests.RegreSoho.CambioDomicilio" name="CambioDomicilio" time="93.341"/>
  <system-out/>
</testsuite> <!-- tests.RegreSoho.CambioDomicilio -->
