<?xml version="1.0" encoding="UTF-8"?>
<!-- Generated by org.testng.reporters.JUnitReportReporter -->
<testsuite hostname="E0881240" failures="0" tests="1" name="RegreSoho.CitrixONO" time="30.748" errors="0" timestamp="2022-03-04T16:48:58 EET" skipped="0">
  <testcase classname="RegreSoho.CitrixONO" name="CitrixONO_Chrome" time="30.748"/>
  <system-out/>
</testsuite> <!-- RegreSoho.CitrixONO -->
